<?xml version="1.0" encoding="UTF-8"?>
<robot generator="Robot 6.0.1 (Python 3.11.0 on win32)" generated="20221115 16:54:58.035" rpa="false" schemaversion="3">
<suite id="s1" name="Home Page" source="C:\Users\msboto\PycharmProjects\Testing\Tests\Ebay\Home_Page.robot">
<test id="s1-t1" name="Testing home Page" line="16">
<kw name="Set Test Variable" library="BuiltIn">
<arg>${page}</arg>
<arg>Ebay</arg>
<doc>Makes a variable available everywhere within the scope of the current test.</doc>
<msg timestamp="20221115 16:54:58.449" level="INFO">${page} = Ebay</msg>
<status status="PASS" starttime="20221115 16:54:58.449" endtime="20221115 16:54:58.449"/>
</kw>
<kw name="Open home page">
<doc>Keyword that opens the home page</doc>
<kw name="----- (Step) -----" library="CommonKeywords">
<arg>stepNumber=1</arg>
<kw name="Log" library="BuiltIn">
<arg>console=true</arg>
<arg>message= STEP: ${stepNumber}</arg>
<doc>Logs the given message with the given level.</doc>
<msg timestamp="20221115 16:54:58.450" level="INFO"> STEP: 1</msg>
<status status="PASS" starttime="20221115 16:54:58.450" endtime="20221115 16:54:58.451"/>
</kw>
<status status="PASS" starttime="20221115 16:54:58.450" endtime="20221115 16:54:58.451"/>
</kw>
<kw name="Exec" library="CommonKeywords">
<arg>Open Page</arg>
<arg>Ebay</arg>
<kw name="Run Keyword And Return" library="BuiltIn">
<arg>${keywordToExecute}</arg>
<arg>@{args}</arg>
<doc>Runs the specified keyword and returns from the enclosing user keyword.</doc>
<kw name="Open page" library="HomePageKey">
<arg>@{args}</arg>
<kw name="Convert To Lower Case" library="String">
<var>${page}</var>
<arg>${page}</arg>
<doc>Converts string to lower case.</doc>
<msg timestamp="20221115 16:54:58.454" level="INFO">${page} = ebay</msg>
<status status="PASS" starttime="20221115 16:54:58.454" endtime="20221115 16:54:58.454"/>
</kw>
<kw name="Run Keyword If" library="BuiltIn">
<arg>"${page}"== "ebay"</arg>
<arg>Open Browser</arg>
<arg>https://www.ebay.com/</arg>
<arg>chrome</arg>
<doc>Runs the given keyword with the given arguments, if ``condition`` is true.</doc>
<kw name="Open Browser" library="SeleniumLibrary">
<arg>https://www.ebay.com/</arg>
<arg>chrome</arg>
<doc>Opens a new browser instance to the optional ``url``.</doc>
<msg timestamp="20221115 16:54:58.455" level="INFO">Opening browser 'chrome' to base url 'https://www.ebay.com/'.</msg>
<status status="PASS" starttime="20221115 16:54:58.454" endtime="20221115 16:55:01.971"/>
</kw>
<status status="PASS" starttime="20221115 16:54:58.454" endtime="20221115 16:55:01.971"/>
</kw>
<status status="PASS" starttime="20221115 16:54:58.454" endtime="20221115 16:55:01.971"/>
</kw>
<msg timestamp="20221115 16:55:01.971" level="INFO">Returning from the enclosing user keyword.</msg>
<status status="PASS" starttime="20221115 16:54:58.451" endtime="20221115 16:55:01.971"/>
</kw>
<status status="PASS" starttime="20221115 16:54:58.451" endtime="20221115 16:55:01.972"/>
</kw>
<status status="PASS" starttime="20221115 16:54:58.450" endtime="20221115 16:55:01.972"/>
</kw>
<doc>Test that verificates the correct performance of Ebay's principal page.
First, we accept the cookies.
After, we will see differents functionalities.</doc>
<tag>Home Page</tag>
<status status="PASS" starttime="20221115 16:54:58.448" endtime="20221115 16:55:01.972"/>
</test>
<status status="PASS" starttime="20221115 16:54:58.042" endtime="20221115 16:55:01.973"/>
</suite>
<statistics>
<total>
<stat pass="1" fail="0" skip="0">All Tests</stat>
</total>
<tag>
<stat pass="1" fail="0" skip="0">Home Page</stat>
</tag>
<suite>
<stat pass="1" fail="0" skip="0" id="s1" name="Home Page">Home Page</stat>
</suite>
</statistics>
<errors>
</errors>
</robot>
